{"level":"info","message":"Server runing in port 3000","service":"user-service"}
{"level":"info","message":"Server runing in port 3000"}
{"level":"info","message":"Server runing in port 3000"}
{"level":"info","message":"Postgres initialized"}
{"level":"info","message":"Postgres initialized"}
{"level":"info","message":"Server runing in port 3000"}
{"level":"info","message":"Postgres initialized"}
{"level":"info","message":"Postgres initialized"}
{"level":"info","message":"Server runing in port 3000"}
{"level":"info","message":"Postgres initialized"}
{"level":"info","message":"Postgres initialized"}
{"level":"info","message":"Server runing in port 3000"}
{"level":"info","message":"Postgres initialized"}
{"level":"info","message":"Postgres initialized"}
{"level":"info","message":"Server runing in port 3000"}
{"level":"info","message":"Postgres initialized"}
{"level":"info","message":"Postgres initialized"}
{"level":"info","message":"Server runing in port 3000"}
{"level":"info","message":"Postgres initialized"}
{"level":"info","message":"Postgres initialized"}
{"level":"info","message":"Server runing in port 3000"}
{"level":"info","message":"Postgres initialized"}
{"level":"info","message":"Postgres initialized"}
{"level":"info","message":"Server runing in port 3000"}
{"level":"info","message":"Postgres initialized"}
{"level":"info","message":"Postgres initialized"}
{"level":"info","message":"Postgres initialized"}
{"level":"info","message":"Server runing in port 3000"}
[32minfo[39m:    Postgres initialized
[32minfo[39m:    Postgres initialized
[32minfo[39m:    Server runing in port 3000
2024-09-23T17:04:34.948Z [undefined] info: Postgres initialized
2024-09-23T17:04:34.957Z [undefined] info: Postgres initialized
2024-09-23T17:04:34.958Z [undefined] info: Server runing in port 3000
2024-09-23T17:05:05.416Z - info: Postgres initialized
2024-09-23T17:05:05.417Z - info: Postgres initialized
2024-09-23T17:05:05.418Z - info: Server runing in port 3000
2024-09-24T12:52:08.195Z - info: Postgres initialized
2024-09-24T12:52:08.197Z - info: Postgres initialized
2024-09-24T12:52:08.199Z - info: Server runing in port 3000
2024-09-24T19:21:01.551Z - info: Postgres initialized
2024-09-24T19:21:01.553Z - info: Postgres initialized
2024-09-24T19:21:01.555Z - info: Server runing in port 3000
2024-09-24T19:22:45.926Z - info: Postgres initialized
2024-09-24T19:22:45.932Z - info: Postgres initialized
2024-09-24T19:22:45.934Z - info: Server runing in port 3000
2024-09-24T19:23:58.531Z - info: Postgres initialized
2024-09-24T19:23:58.540Z - info: Postgres initialized
2024-09-24T19:23:58.542Z - info: Server runing in port 3000
2024-09-24T19:24:04.210Z - info: Postgres initialized
2024-09-24T19:24:04.211Z - info: Postgres initialized
2024-09-24T19:24:04.213Z - info: Server runing in port 3000
2024-09-24T19:24:06.925Z - info: Postgres initialized
2024-09-24T19:24:06.932Z - info: Postgres initialized
2024-09-24T19:24:06.934Z - info: Server runing in port 3000
2024-09-24T19:24:10.542Z - info: Postgres initialized
2024-09-24T19:24:10.543Z - info: Postgres initialized
2024-09-24T19:24:10.545Z - info: Server runing in port 3000
2024-09-24T19:24:14.160Z - info: Postgres initialized
2024-09-24T19:24:14.161Z - info: Postgres initialized
2024-09-24T19:24:14.163Z - info: Server runing in port 3000
2024-09-24T19:24:55.922Z - info: Postgres initialized
2024-09-24T19:24:55.923Z - info: Postgres initialized
2024-09-24T19:24:55.925Z - info: Server runing in port 3000
2024-09-24T19:25:04.943Z - info: Postgres initialized
2024-09-24T19:25:04.944Z - info: Postgres initialized
2024-09-24T19:25:04.946Z - info: Server runing in port 3000
2024-09-24T19:25:07.530Z - info: Postgres initialized
2024-09-24T19:25:07.532Z - info: Postgres initialized
2024-09-24T19:25:07.533Z - info: Server runing in port 3000
2024-09-24T19:25:37.858Z - info: Postgres initialized
2024-09-24T19:25:37.859Z - info: Postgres initialized
2024-09-24T19:25:37.861Z - info: Server runing in port 3000
2024-09-24T19:26:52.328Z - info: Postgres initialized
2024-09-24T19:26:52.338Z - info: Postgres initialized
2024-09-24T19:26:52.340Z - info: Server runing in port 3000
2024-09-24T19:26:59.174Z - info: Postgres initialized
2024-09-24T19:26:59.176Z - info: Postgres initialized
2024-09-24T19:26:59.177Z - info: Server runing in port 3000
2024-09-24T19:27:36.407Z - info: Postgres initialized
2024-09-24T19:27:36.409Z - info: Postgres initialized
2024-09-24T19:27:36.411Z - info: Server runing in port 3000
2024-09-24T19:27:46.517Z - info: Postgres initialized
2024-09-24T19:27:46.518Z - info: Postgres initialized
2024-09-24T19:27:46.520Z - info: Server runing in port 3000
2024-09-24T19:28:49.681Z - info: Postgres initialized
2024-09-24T19:28:49.682Z - info: Postgres initialized
2024-09-24T19:28:49.684Z - info: Server runing in port 3000
2024-09-24T19:29:16.372Z - info: Postgres initialized
2024-09-24T19:29:16.374Z - info: Postgres initialized
2024-09-24T19:29:16.375Z - info: Server runing in port 3000
2024-09-24T19:29:19.168Z - info: Postgres initialized
2024-09-24T19:29:19.169Z - info: Postgres initialized
2024-09-24T19:29:19.170Z - info: Server runing in port 3000
2024-09-24T19:29:25.214Z - info: Postgres initialized
2024-09-24T19:29:25.217Z - info: Postgres initialized
2024-09-24T19:29:25.219Z - info: Server runing in port 3000
2024-09-24T19:30:29.427Z - info: Postgres initialized
2024-09-24T19:30:29.429Z - info: Postgres initialized
2024-09-24T19:30:29.430Z - info: Server runing in port 3000
2024-09-24T19:31:01.216Z - info: Postgres initialized
2024-09-24T19:31:01.230Z - info: Postgres initialized
2024-09-24T19:31:01.232Z - info: Server runing in port 3000
2024-09-24T19:31:07.204Z - error: Cannot read properties of undefined (reading 'idAnimal')
2024-09-24T19:40:27.676Z - error: Cannot read properties of undefined (reading 'idAnimal')
2024-09-24T19:44:10.985Z - info: Postgres initialized
2024-09-24T19:44:10.995Z - info: Postgres initialized
2024-09-24T19:44:10.999Z - info: Server runing in port 3000
2024-09-24T19:45:14.446Z - info: Postgres initialized
2024-09-24T19:45:14.455Z - info: Postgres initialized
2024-09-24T19:45:14.456Z - info: Server runing in port 3000
2024-09-24T19:45:16.385Z - info: Postgres initialized
2024-09-24T19:45:16.387Z - info: Postgres initialized
2024-09-24T19:45:16.389Z - info: Server runing in port 3000
2024-09-24T19:45:19.203Z - info: Postgres initialized
2024-09-24T19:45:19.204Z - info: Postgres initialized
2024-09-24T19:45:19.205Z - info: Server runing in port 3000
2024-09-24T19:45:24.804Z - error: date is a required field
2024-09-24T19:45:46.159Z - info: Postgres initialized
2024-09-24T19:45:46.162Z - info: Postgres initialized
2024-09-24T19:45:46.163Z - info: Server runing in port 3000
2024-09-24T19:45:53.532Z - info: Postgres initialized
2024-09-24T19:45:53.533Z - info: Postgres initialized
2024-09-24T19:45:53.535Z - info: Server runing in port 3000
2024-09-24T19:46:10.317Z - info: Postgres initialized
2024-09-24T19:46:10.320Z - info: Postgres initialized
2024-09-24T19:46:10.321Z - info: Server runing in port 3000
2024-09-24T19:46:12.371Z - info: Postgres initialized
2024-09-24T19:46:12.373Z - info: Postgres initialized
2024-09-24T19:46:12.374Z - info: Server runing in port 3000
2024-09-24T19:46:15.232Z - error: 4 errors occurred
2024-09-24T19:47:13.273Z - error: 4 errors occurred
2024-09-24T19:47:33.459Z - error: 4 errors occurred
2024-09-24T19:47:35.193Z - error: 4 errors occurred
2024-09-24T19:47:37.331Z - error: 4 errors occurred
2024-09-24T19:47:37.982Z - error: 4 errors occurred
2024-09-24T19:47:42.465Z - error: 4 errors occurred
2024-09-24T19:47:43.154Z - error: 4 errors occurred
2024-09-24T19:47:47.959Z - info: Postgres initialized
2024-09-24T19:47:47.972Z - info: Postgres initialized
2024-09-24T19:47:47.974Z - info: Server runing in port 3000
2024-09-24T19:48:04.418Z - info: Postgres initialized
2024-09-24T19:48:04.419Z - info: Postgres initialized
2024-09-24T19:48:04.421Z - info: Server runing in port 3000
2024-09-24T19:48:07.709Z - info: undefined
2024-09-24T19:48:07.713Z - error: 4 errors occurred
2024-09-24T19:48:13.965Z - info: undefined
2024-09-24T19:48:13.967Z - error: 4 errors occurred
2024-09-24T19:48:24.174Z - info: Postgres initialized
2024-09-24T19:48:24.176Z - info: Postgres initialized
2024-09-24T19:48:24.178Z - info: Server runing in port 3000
2024-09-24T19:48:26.749Z - error: 4 errors occurred
2024-09-24T19:48:56.979Z - info: Postgres initialized
2024-09-24T19:48:56.981Z - info: Postgres initialized
2024-09-24T19:48:56.983Z - info: Server runing in port 3000
2024-09-24T19:48:58.876Z - error: 3 errors occurred
2024-09-24T19:49:29.818Z - error: 2 errors occurred
2024-09-24T19:49:51.304Z - error: Animal não encontrado
2024-09-24T19:50:06.864Z - info: Postgres initialized
2024-09-24T19:50:06.912Z - info: Postgres initialized
2024-09-24T19:50:06.915Z - info: Server runing in port 3000
2024-09-24T19:50:31.695Z - info: Postgres initialized
2024-09-24T19:50:31.704Z - info: Postgres initialized
2024-09-24T19:50:31.706Z - info: Server runing in port 3000
2024-09-24T19:50:34.224Z - error: Animal não encontrado
2024-09-24T19:51:34.498Z - info: Postgres initialized
2024-09-24T19:51:34.506Z - info: Postgres initialized
2024-09-24T19:51:34.508Z - info: Server runing in port 3000
2024-09-24T19:51:41.320Z - info: Postgres initialized
2024-09-24T19:51:41.323Z - info: Postgres initialized
2024-09-24T19:51:41.324Z - info: Server runing in port 3000
2024-09-24T19:51:49.546Z - error: Animal não encontrado
2024-09-24T19:52:07.412Z - info: Postgres initialized
2024-09-24T19:52:07.414Z - info: Postgres initialized
2024-09-24T19:52:07.416Z - info: Server runing in port 3000
2024-09-24T19:52:08.796Z - error: Animal não encontrado
2024-09-24T19:53:23.398Z - info: Postgres initialized
2024-09-24T19:53:23.409Z - info: Postgres initialized
2024-09-24T19:53:23.411Z - info: Server runing in port 3000
2024-09-24T19:53:27.060Z - info: Postgres initialized
2024-09-24T19:53:27.062Z - info: Postgres initialized
2024-09-24T19:53:27.064Z - info: Server runing in port 3000
2024-09-24T19:54:02.069Z - info: Postgres initialized
2024-09-24T19:54:02.071Z - info: Postgres initialized
2024-09-24T19:54:02.072Z - info: Server runing in port 3000
2024-09-24T19:57:18.258Z - info: Postgres initialized
2024-09-24T19:57:18.271Z - info: Postgres initialized
2024-09-24T19:57:18.274Z - info: Server runing in port 3000
2024-09-24T19:57:36.751Z - info: Postgres initialized
2024-09-24T19:57:36.756Z - info: Postgres initialized
2024-09-24T19:57:36.759Z - info: Server runing in port 3000
2024-09-24T19:57:42.669Z - info: Postgres initialized
2024-09-24T19:57:42.679Z - info: Postgres initialized
2024-09-24T19:57:42.700Z - info: Server runing in port 3000
2024-09-24T19:57:50.036Z - error: Cannot read properties of undefined (reading 'name')
2024-09-24T19:58:10.096Z - info: Postgres initialized
2024-09-24T19:58:10.121Z - info: Postgres initialized
2024-09-24T19:58:10.125Z - info: Server runing in port 3000
2024-09-24T19:58:12.970Z - error: Cannot read properties of undefined (reading 'name')
2024-09-24T19:59:39.436Z - info: Postgres initialized
2024-09-24T19:59:39.445Z - info: Postgres initialized
2024-09-24T19:59:39.447Z - info: Server runing in port 3000
2024-09-24T20:00:01.218Z - info: Postgres initialized
2024-09-24T20:00:01.219Z - info: Postgres initialized
2024-09-24T20:00:01.221Z - info: Server runing in port 3000
2024-09-24T20:00:06.725Z - info: Postgres initialized
2024-09-24T20:00:06.727Z - info: Postgres initialized
2024-09-24T20:00:06.729Z - info: Server runing in port 3000
2024-09-24T20:00:11.892Z - error: Cannot read properties of undefined (reading 'map')
2024-09-24T20:00:25.044Z - info: Postgres initialized
2024-09-24T20:00:25.047Z - info: Postgres initialized
2024-09-24T20:00:25.048Z - info: Server runing in port 3000
2024-09-24T20:00:30.426Z - error: null value in column "id" of relation "weight_history" violates not-null constraint
2024-09-24T20:00:48.854Z - info: Postgres initialized
2024-09-24T20:00:48.855Z - info: Postgres initialized
2024-09-24T20:00:48.857Z - info: Server runing in port 3000
2024-09-24T20:01:13.154Z - info: Postgres initialized
2024-09-24T20:01:13.169Z - info: Postgres initialized
2024-09-24T20:01:13.172Z - info: Server runing in port 3000
2024-09-24T20:01:14.602Z - info: Postgres initialized
2024-09-24T20:01:14.604Z - info: Postgres initialized
2024-09-24T20:01:14.605Z - info: Server runing in port 3000
2024-09-24T20:01:39.723Z - error: null value in column "id" of relation "weight_history" violates not-null constraint
2024-09-24T20:02:42.922Z - info: Postgres initialized
2024-09-24T20:02:42.930Z - info: Postgres initialized
2024-09-24T20:02:42.932Z - info: Server runing in port 3000
2024-09-24T20:03:07.411Z - info: Postgres initialized
2024-09-24T20:03:07.413Z - info: Postgres initialized
2024-09-24T20:03:07.415Z - info: Server runing in port 3000
2024-09-24T20:03:35.172Z - error: null value in column "createdAt" of relation "weight_history" violates not-null constraint
2024-09-24T20:04:13.024Z - info: Postgres initialized
2024-09-24T20:04:13.037Z - info: Postgres initialized
2024-09-24T20:04:13.040Z - info: Server runing in port 3000
2024-09-24T20:04:26.028Z - info: Postgres initialized
2024-09-24T20:04:26.030Z - info: Postgres initialized
2024-09-24T20:04:26.031Z - info: Server runing in port 3000
2024-09-24T20:04:34.858Z - error: insert or update on table "weight_history" violates foreign key constraint "FK_e8ebb78e90fa0a4b50601e5c518"
2024-09-24T20:08:31.570Z - error: insert or update on table "weight_history" violates foreign key constraint "FK_e8ebb78e90fa0a4b50601e5c518"
2024-09-24T20:11:01.629Z - info: Postgres initialized
2024-09-24T20:11:01.639Z - info: Postgres initialized
2024-09-24T20:11:01.642Z - info: Server runing in port 3000
2024-09-24T20:12:39.725Z - info: Postgres initialized
2024-09-24T20:12:39.734Z - info: Postgres initialized
2024-09-24T20:12:39.736Z - info: Server runing in port 3000
2024-09-24T20:12:49.439Z - info: Postgres initialized
2024-09-24T20:12:49.444Z - info: Postgres initialized
2024-09-24T20:12:49.445Z - info: Server runing in port 3000
2024-09-24T20:13:54.674Z - info: Postgres initialized
2024-09-24T20:13:54.684Z - info: Postgres initialized
2024-09-24T20:13:54.686Z - info: Server runing in port 3000
2024-09-24T20:14:14.903Z - info: Postgres initialized
2024-09-24T20:14:14.915Z - info: Postgres initialized
2024-09-24T20:14:14.917Z - info: Server runing in port 3000
2024-09-24T20:14:33.633Z - info: Postgres initialized
2024-09-24T20:14:33.642Z - info: Postgres initialized
2024-09-24T20:14:33.644Z - info: Server runing in port 3000
2024-09-24T20:15:14.147Z - info: Postgres initialized
2024-09-24T20:15:14.156Z - info: Postgres initialized
2024-09-24T20:15:14.159Z - info: Server runing in port 3000
2024-09-24T20:15:34.062Z - info: Postgres initialized
2024-09-24T20:15:34.063Z - info: Postgres initialized
2024-09-24T20:15:34.065Z - info: Server runing in port 3000
2024-09-24T20:16:07.834Z - error: invalid input syntax for type integer: "240.5"
2024-09-24T20:16:41.735Z - info: Postgres initialized
2024-09-24T20:16:41.744Z - info: Postgres initialized
2024-09-24T20:16:41.746Z - info: Server runing in port 3000
2024-09-24T20:16:42.614Z - info: Postgres initialized
2024-09-24T20:16:42.617Z - info: Postgres initialized
2024-09-24T20:16:42.619Z - info: Server runing in port 3000
2024-09-25T23:51:30.888Z - info: Postgres initialized
2024-09-25T23:51:30.890Z - info: Postgres initialized
2024-09-25T23:51:30.892Z - info: Server runing in port 3000
2024-09-26T00:28:03.829Z - info: Postgres initialized
2024-09-26T00:28:03.831Z - info: Postgres initialized
2024-09-26T00:28:03.832Z - info: Server runing in port 3000
2024-09-26T00:34:27.750Z - info: Postgres initialized
2024-09-26T00:34:27.759Z - info: Postgres initialized
2024-09-26T00:34:27.761Z - info: Server runing in port 3000
2024-09-26T00:36:54.978Z - info: Postgres initialized
2024-09-26T00:36:54.985Z - info: Postgres initialized
2024-09-26T00:36:54.986Z - info: Server runing in port 3000
2024-09-26T00:37:06.789Z - info: Postgres initialized
2024-09-26T00:37:06.791Z - info: Postgres initialized
2024-09-26T00:37:06.792Z - info: Server runing in port 3000
2024-09-26T00:37:17.830Z - info: Postgres initialized
2024-09-26T00:37:17.831Z - info: Postgres initialized
2024-09-26T00:37:17.833Z - info: Server runing in port 3000
2024-09-26T00:38:58.022Z - info: Postgres initialized
2024-09-26T00:38:58.023Z - info: Postgres initialized
2024-09-26T00:38:58.025Z - info: Server runing in port 3000
2024-09-26T00:39:51.614Z - error: null value in column "id" of relation "milk_production" violates not-null constraint
2024-09-26T00:41:39.491Z - info: Postgres initialized
2024-09-26T00:41:39.492Z - info: Postgres initialized
2024-09-26T00:41:39.494Z - info: Server runing in port 3000
2024-09-26T00:41:41.509Z - error: null value in column "id" of relation "milk_production" violates not-null constraint
2024-09-26T00:41:42.444Z - error: null value in column "id" of relation "milk_production" violates not-null constraint
2024-09-26T00:41:42.742Z - error: null value in column "id" of relation "milk_production" violates not-null constraint
2024-09-26T00:42:01.059Z - info: Postgres initialized
2024-09-26T00:42:01.060Z - info: Postgres initialized
2024-09-26T00:42:01.062Z - info: Server runing in port 3000
2024-09-26T00:42:17.702Z - info: Postgres initialized
2024-09-26T00:42:17.712Z - info: Postgres initialized
2024-09-26T00:42:17.714Z - info: Server runing in port 3000
2024-09-26T00:42:21.433Z - error: ERROR VALIDATION: Data da produção é obrigatória
2024-09-26T00:42:46.097Z - error: null value in column "id" of relation "milk_production" violates not-null constraint
2024-09-26T00:46:05.754Z - info: Postgres initialized
2024-09-26T00:46:05.763Z - info: Postgres initialized
2024-09-26T00:46:05.765Z - info: Server runing in port 3000
2024-09-26T00:46:24.335Z - info: Postgres initialized
2024-09-26T00:46:24.336Z - info: Postgres initialized
2024-09-26T00:46:24.338Z - info: Server runing in port 3000
2024-09-26T00:46:26.322Z - info: Postgres initialized
2024-09-26T00:46:26.324Z - info: Postgres initialized
2024-09-26T00:46:26.325Z - info: Server runing in port 3000
2024-09-26T00:46:50.119Z - info: Postgres initialized
2024-09-26T00:46:50.121Z - info: Postgres initialized
2024-09-26T00:46:50.123Z - info: Server runing in port 3000
2024-09-26T00:46:57.154Z - info: Postgres initialized
2024-09-26T00:46:57.156Z - info: Postgres initialized
2024-09-26T00:46:57.157Z - info: Server runing in port 3000
2024-09-26T00:47:05.552Z - info: Postgres initialized
2024-09-26T00:47:05.554Z - info: Postgres initialized
2024-09-26T00:47:05.555Z - info: Server runing in port 3000
2024-09-26T00:47:07.890Z - info: Postgres initialized
2024-09-26T00:47:07.892Z - info: Postgres initialized
2024-09-26T00:47:07.893Z - info: Server runing in port 3000
2024-09-26T00:47:16.670Z - info: Postgres initialized
2024-09-26T00:47:16.672Z - info: Postgres initialized
2024-09-26T00:47:16.673Z - info: Server runing in port 3000
2024-09-26T00:47:18.612Z - info: Postgres initialized
2024-09-26T00:47:18.614Z - info: Postgres initialized
2024-09-26T00:47:18.615Z - info: Server runing in port 3000
2024-09-26T00:47:35.854Z - info: Postgres initialized
2024-09-26T00:47:35.855Z - info: Postgres initialized
2024-09-26T00:47:35.857Z - info: Server runing in port 3000
2024-09-26T00:47:52.531Z - info: Postgres initialized
2024-09-26T00:47:52.532Z - info: Postgres initialized
2024-09-26T00:47:52.533Z - info: Server runing in port 3000
2024-09-26T00:47:54.079Z - info: Postgres initialized
2024-09-26T00:47:54.081Z - info: Postgres initialized
2024-09-26T00:47:54.082Z - info: Server runing in port 3000
2024-09-26T00:48:01.364Z - info: Postgres initialized
2024-09-26T00:48:01.366Z - info: Postgres initialized
2024-09-26T00:48:01.368Z - info: Server runing in port 3000
2024-09-26T00:48:49.630Z - error: 3 errors occurred
2024-09-26T00:49:14.963Z - info: Postgres initialized
2024-09-26T00:49:14.965Z - info: Postgres initialized
2024-09-26T00:49:14.967Z - info: Server runing in port 3000
2024-09-26T00:49:27.681Z - info: Postgres initialized
2024-09-26T00:49:27.683Z - info: Postgres initialized
2024-09-26T00:49:27.684Z - info: Server runing in port 3000
2024-09-26T00:49:30.863Z - info: Postgres initialized
2024-09-26T00:49:30.865Z - info: Postgres initialized
2024-09-26T00:49:30.866Z - info: Server runing in port 3000
2024-09-26T00:49:43.516Z - error: 2 errors occurred
2024-09-26T00:49:49.165Z - error: 2 errors occurred
2024-09-26T00:50:03.530Z - info: Postgres initialized
2024-09-26T00:50:03.533Z - info: Postgres initialized
2024-09-26T00:50:03.534Z - info: Server runing in port 3000
2024-09-26T00:50:19.880Z - error: 2 errors occurred
2024-09-26T00:50:31.457Z - info: Postgres initialized
2024-09-26T00:50:31.458Z - info: Postgres initialized
2024-09-26T00:50:31.460Z - info: Server runing in port 3000
2024-09-26T00:50:40.440Z - error: userId is a required field
2024-09-26T00:50:46.352Z - error: userId is a required field
2024-09-26T00:50:47.278Z - error: userId is a required field
2024-09-26T00:50:48.017Z - error: userId is a required field
2024-09-26T00:50:48.752Z - error: userId is a required field
2024-09-26T00:51:06.140Z - info: Postgres initialized
2024-09-26T00:51:06.142Z - info: Postgres initialized
2024-09-26T00:51:06.143Z - info: Server runing in port 3000
2024-09-26T00:51:07.159Z - info: Postgres initialized
2024-09-26T00:51:07.160Z - info: Postgres initialized
2024-09-26T00:51:07.162Z - info: Server runing in port 3000
2024-09-26T00:51:13.112Z - error: null value in column "id" of relation "milk_production" violates not-null constraint
2024-09-26T00:52:01.118Z - info: Postgres initialized
2024-09-26T00:52:01.120Z - info: Postgres initialized
2024-09-26T00:52:01.121Z - info: Server runing in port 3000
2024-09-26T00:52:05.279Z - info: Postgres initialized
2024-09-26T00:52:05.281Z - info: Postgres initialized
2024-09-26T00:52:05.282Z - info: Server runing in port 3000
2024-09-26T00:52:12.649Z - info: Postgres initialized
2024-09-26T00:52:12.651Z - info: Postgres initialized
2024-09-26T00:52:12.652Z - info: Server runing in port 3000
2024-09-26T00:52:27.067Z - error: null value in column "createdAt" of relation "milk_production" violates not-null constraint
2024-09-26T00:52:57.902Z - info: Postgres initialized
2024-09-26T00:52:57.904Z - info: Postgres initialized
2024-09-26T00:52:57.905Z - info: Server runing in port 3000
2024-09-26T00:53:06.463Z - info: Postgres initialized
2024-09-26T00:53:06.464Z - info: Postgres initialized
2024-09-26T00:53:06.466Z - info: Server runing in port 3000
2024-09-26T00:53:12.571Z - info: Postgres initialized
2024-09-26T00:53:12.573Z - info: Postgres initialized
2024-09-26T00:53:12.574Z - info: Server runing in port 3000
2024-09-26T00:53:16.839Z - info: Postgres initialized
2024-09-26T00:53:16.842Z - info: Postgres initialized
2024-09-26T00:53:16.843Z - info: Server runing in port 3000
2024-09-26T00:53:20.641Z - info: Postgres initialized
2024-09-26T00:53:20.643Z - info: Postgres initialized
2024-09-26T00:53:20.644Z - info: Server runing in port 3000
2024-09-26T00:54:01.931Z - info: Postgres initialized
2024-09-26T00:54:01.932Z - info: Postgres initialized
2024-09-26T00:54:01.934Z - info: Server runing in port 3000
2024-09-26T00:54:10.081Z - info: Postgres initialized
2024-09-26T00:54:10.083Z - info: Postgres initialized
2024-09-26T00:54:10.084Z - info: Server runing in port 3000
2024-09-26T00:54:42.094Z - info: Postgres initialized
2024-09-26T00:54:42.096Z - info: Postgres initialized
2024-09-26T00:54:42.097Z - info: Server runing in port 3000
2024-09-26T00:54:43.856Z - info: Postgres initialized
2024-09-26T00:54:43.858Z - info: Postgres initialized
2024-09-26T00:54:43.859Z - info: Server runing in port 3000
2024-09-26T00:58:50.213Z - info: Postgres initialized
2024-09-26T00:58:50.214Z - info: Postgres initialized
2024-09-26T00:58:50.215Z - info: Server runing in port 3000
2024-09-26T00:58:51.588Z - info: Postgres initialized
2024-09-26T00:58:51.590Z - info: Postgres initialized
2024-09-26T00:58:51.591Z - info: Server runing in port 3000
2024-09-26T00:59:39.893Z - info: Postgres initialized
2024-09-26T00:59:39.895Z - info: Postgres initialized
2024-09-26T00:59:39.896Z - info: Server runing in port 3000
2024-09-26T00:59:58.899Z - info: Postgres initialized
2024-09-26T00:59:58.901Z - info: Postgres initialized
2024-09-26T00:59:58.902Z - info: Server runing in port 3000
2024-09-26T01:00:19.765Z - info: Postgres initialized
2024-09-26T01:00:19.767Z - info: Postgres initialized
2024-09-26T01:00:19.768Z - info: Server runing in port 3000
2024-09-26T01:00:25.443Z - info: Postgres initialized
2024-09-26T01:00:25.445Z - info: Postgres initialized
2024-09-26T01:00:25.446Z - info: Server runing in port 3000
2024-09-26T01:00:33.488Z - info: Postgres initialized
2024-09-26T01:00:33.490Z - info: Postgres initialized
2024-09-26T01:00:33.491Z - info: Server runing in port 3000
2024-09-26T01:00:42.904Z - info: Postgres initialized
2024-09-26T01:00:42.905Z - info: Postgres initialized
2024-09-26T01:00:42.907Z - info: Server runing in port 3000
2024-09-26T01:00:56.544Z - info: Postgres initialized
2024-09-26T01:00:56.546Z - info: Postgres initialized
2024-09-26T01:00:56.547Z - info: Server runing in port 3000
2024-09-26T01:01:46.303Z - info: Postgres initialized
2024-09-26T01:01:46.305Z - info: Postgres initialized
2024-09-26T01:01:46.306Z - info: Server runing in port 3000
2024-09-26T01:01:51.385Z - info: Postgres initialized
2024-09-26T01:01:51.388Z - info: Postgres initialized
2024-09-26T01:01:51.389Z - info: Server runing in port 3000
2024-09-26T01:01:57.025Z - info: Postgres initialized
2024-09-26T01:01:57.027Z - info: Postgres initialized
2024-09-26T01:01:57.028Z - info: Server runing in port 3000
2024-09-26T01:01:59.799Z - info: Postgres initialized
2024-09-26T01:01:59.801Z - info: Postgres initialized
2024-09-26T01:01:59.802Z - info: Server runing in port 3000
2024-09-26T01:02:42.322Z - info: Postgres initialized
2024-09-26T01:02:42.323Z - info: Postgres initialized
2024-09-26T01:02:42.324Z - info: Server runing in port 3000
2024-09-26T01:02:49.019Z - info: Postgres initialized
2024-09-26T01:02:49.020Z - info: Postgres initialized
2024-09-26T01:02:49.021Z - info: Server runing in port 3000
2024-09-26T01:03:10.484Z - info: Postgres initialized
2024-09-26T01:03:10.485Z - info: Postgres initialized
2024-09-26T01:03:10.486Z - info: Server runing in port 3000
2024-09-26T01:04:37.949Z - info: Postgres initialized
2024-09-26T01:04:37.950Z - info: Postgres initialized
2024-09-26T01:04:37.952Z - info: Server runing in port 3000
2024-09-26T01:05:23.685Z - info: Postgres initialized
2024-09-26T01:05:23.686Z - info: Postgres initialized
2024-09-26T01:05:23.688Z - info: Server runing in port 3000
2024-09-26T01:05:31.038Z - info: Postgres initialized
2024-09-26T01:05:31.040Z - info: Postgres initialized
2024-09-26T01:05:31.041Z - info: Server runing in port 3000
2024-09-26T01:05:41.479Z - info: Postgres initialized
2024-09-26T01:05:41.480Z - info: Postgres initialized
2024-09-26T01:05:41.481Z - info: Server runing in port 3000
2024-09-26T01:08:08.504Z - info: Postgres initialized
2024-09-26T01:08:08.505Z - info: Postgres initialized
2024-09-26T01:08:08.507Z - info: Server runing in port 3000
2024-09-26T01:08:09.706Z - info: Postgres initialized
2024-09-26T01:08:09.708Z - info: Postgres initialized
2024-09-26T01:08:09.709Z - info: Server runing in port 3000
2024-09-26T01:08:15.723Z - info: Postgres initialized
2024-09-26T01:08:15.724Z - info: Postgres initialized
2024-09-26T01:08:15.726Z - info: Server runing in port 3000
2024-09-26T01:08:23.690Z - info: Postgres initialized
2024-09-26T01:08:23.692Z - info: Postgres initialized
2024-09-26T01:08:23.694Z - info: Server runing in port 3000
2024-09-26T01:08:39.579Z - info: Postgres initialized
2024-09-26T01:08:39.581Z - info: Postgres initialized
2024-09-26T01:08:39.582Z - info: Server runing in port 3000
2024-09-26T01:08:59.433Z - info: Postgres initialized
2024-09-26T01:08:59.435Z - info: Postgres initialized
2024-09-26T01:08:59.436Z - info: Server runing in port 3000
2024-09-26T01:09:08.850Z - info: Postgres initialized
2024-09-26T01:09:08.853Z - info: Postgres initialized
2024-09-26T01:09:08.854Z - info: Server runing in port 3000
2024-09-26T01:09:13.867Z - info: Postgres initialized
2024-09-26T01:09:13.869Z - info: Postgres initialized
2024-09-26T01:09:13.871Z - info: Server runing in port 3000
2024-09-26T01:09:22.167Z - info: Postgres initialized
2024-09-26T01:09:22.168Z - info: Postgres initialized
2024-09-26T01:09:22.169Z - info: Server runing in port 3000
2024-09-26T01:09:28.632Z - info: Postgres initialized
2024-09-26T01:09:28.634Z - info: Postgres initialized
2024-09-26T01:09:28.635Z - info: Server runing in port 3000
2024-09-26T01:11:01.269Z - info: Postgres initialized
2024-09-26T01:11:01.271Z - info: Postgres initialized
2024-09-26T01:11:01.272Z - info: Server runing in port 3000
2024-09-26T01:12:56.352Z - info: Postgres initialized
2024-09-26T01:12:56.354Z - info: Postgres initialized
2024-09-26T01:12:56.356Z - info: Server runing in port 3000
2024-09-26T01:13:22.188Z - info: Postgres initialized
2024-09-26T01:13:22.189Z - info: Postgres initialized
2024-09-26T01:13:22.191Z - info: Server runing in port 3000
2024-09-26T01:13:26.014Z - info: Postgres initialized
2024-09-26T01:13:26.016Z - info: Postgres initialized
2024-09-26T01:13:26.017Z - info: Server runing in port 3000
2024-09-26T01:13:33.532Z - info: Postgres initialized
2024-09-26T01:13:33.533Z - info: Postgres initialized
2024-09-26T01:13:33.534Z - info: Server runing in port 3000
2024-10-05T02:50:19.217Z - info: Postgres initialized
2024-10-05T02:50:19.218Z - info: Postgres initialized
2024-10-05T02:50:19.220Z - info: Server runing in port 3000
2024-10-05T02:54:19.721Z - info: Postgres initialized
2024-10-05T02:54:19.729Z - info: Postgres initialized
2024-10-05T02:54:19.731Z - info: Server runing in port 3000
2024-10-05T02:54:22.822Z - info: Postgres initialized
2024-10-05T02:54:22.824Z - info: Postgres initialized
2024-10-05T02:54:22.825Z - info: Server runing in port 3000
2024-10-05T02:54:29.615Z - info: Postgres initialized
2024-10-05T02:54:29.616Z - info: Postgres initialized
2024-10-05T02:54:29.618Z - info: Server runing in port 3000
2024-10-05T02:54:32.859Z - info: Postgres initialized
2024-10-05T02:54:32.861Z - info: Postgres initialized
2024-10-05T02:54:32.862Z - info: Server runing in port 3000
2024-10-05T02:54:35.057Z - info: Postgres initialized
2024-10-05T02:54:35.059Z - info: Postgres initialized
2024-10-05T02:54:35.061Z - info: Server runing in port 3000
2024-10-05T02:54:48.238Z - info: Postgres initialized
2024-10-05T02:54:48.240Z - info: Postgres initialized
2024-10-05T02:54:48.242Z - info: Server runing in port 3000
2024-10-05T02:54:51.159Z - info: Postgres initialized
2024-10-05T02:54:51.160Z - info: Postgres initialized
2024-10-05T02:54:51.161Z - info: Server runing in port 3000
2024-10-05T02:55:23.340Z - info: Postgres initialized
2024-10-05T02:55:23.342Z - info: Postgres initialized
2024-10-05T02:55:23.343Z - info: Server runing in port 3000
2024-10-05T02:55:34.445Z - info: Postgres initialized
2024-10-05T02:55:34.446Z - info: Postgres initialized
2024-10-05T02:55:34.448Z - info: Server runing in port 3000
2024-10-05T02:55:42.580Z - info: Postgres initialized
2024-10-05T02:55:42.582Z - info: Postgres initialized
2024-10-05T02:55:42.583Z - info: Server runing in port 3000
2024-10-05T02:55:45.102Z - info: Postgres initialized
2024-10-05T02:55:45.103Z - info: Postgres initialized
2024-10-05T02:55:45.105Z - info: Server runing in port 3000
2024-10-05T02:55:45.484Z - info: Postgres initialized
2024-10-05T02:55:45.485Z - info: Postgres initialized
2024-10-05T02:55:45.487Z - info: Server runing in port 3000
2024-10-05T02:56:35.663Z - info: Postgres initialized
2024-10-05T02:56:35.664Z - info: Postgres initialized
2024-10-05T02:56:35.666Z - info: Server runing in port 3000
2024-10-05T02:56:37.269Z - info: Postgres initialized
2024-10-05T02:56:37.271Z - info: Postgres initialized
2024-10-05T02:56:37.273Z - info: Server runing in port 3000
2024-10-05T02:56:42.100Z - info: Postgres initialized
2024-10-05T02:56:42.102Z - info: Postgres initialized
2024-10-05T02:56:42.103Z - info: Server runing in port 3000
2024-10-05T02:58:00.287Z - info: Postgres initialized
2024-10-05T02:58:00.289Z - info: Postgres initialized
2024-10-05T02:58:00.290Z - info: Server runing in port 3000
2024-10-05T02:58:44.984Z - info: Postgres initialized
2024-10-05T02:58:44.986Z - info: Postgres initialized
2024-10-05T02:58:44.987Z - info: Server runing in port 3000
2024-10-05T02:58:58.842Z - info: Postgres initialized
2024-10-05T02:58:58.844Z - info: Postgres initialized
2024-10-05T02:58:58.846Z - info: Server runing in port 3000
2024-10-05T02:59:38.759Z - info: Postgres initialized
2024-10-05T02:59:38.760Z - info: Postgres initialized
2024-10-05T02:59:38.762Z - info: Server runing in port 3000
2024-10-05T02:59:58.153Z - info: Postgres initialized
2024-10-05T02:59:58.155Z - info: Postgres initialized
2024-10-05T02:59:58.156Z - info: Server runing in port 3000
2024-10-05T03:00:48.982Z - info: Postgres initialized
2024-10-05T03:00:48.984Z - info: Postgres initialized
2024-10-05T03:00:48.985Z - info: Server runing in port 3000
2024-10-05T03:00:55.856Z - info: Postgres initialized
2024-10-05T03:00:55.858Z - info: Postgres initialized
2024-10-05T03:00:55.860Z - info: Server runing in port 3000
2024-10-05T03:01:06.445Z - info: Postgres initialized
2024-10-05T03:01:06.447Z - info: Postgres initialized
2024-10-05T03:01:06.448Z - info: Server runing in port 3000
2024-10-05T03:01:10.768Z - info: Postgres initialized
2024-10-05T03:01:10.770Z - info: Postgres initialized
2024-10-05T03:01:10.771Z - info: Server runing in port 3000
2024-10-05T03:01:29.058Z - info: Postgres initialized
2024-10-05T03:01:29.059Z - info: Postgres initialized
2024-10-05T03:01:29.061Z - info: Server runing in port 3000
2024-10-05T03:01:50.007Z - info: Postgres initialized
2024-10-05T03:01:50.008Z - info: Postgres initialized
2024-10-05T03:01:50.010Z - info: Server runing in port 3000
2024-10-05T03:01:52.327Z - info: Postgres initialized
2024-10-05T03:01:52.329Z - info: Postgres initialized
2024-10-05T03:01:52.330Z - info: Server runing in port 3000
2024-10-05T03:02:10.502Z - info: Postgres initialized
2024-10-05T03:02:10.504Z - info: Postgres initialized
2024-10-05T03:02:10.505Z - info: Server runing in port 3000
2024-10-05T03:02:45.293Z - info: Postgres initialized
2024-10-05T03:02:45.294Z - info: Postgres initialized
2024-10-05T03:02:45.296Z - info: Server runing in port 3000
2024-10-05T03:03:04.916Z - info: Postgres initialized
2024-10-05T03:03:04.918Z - info: Postgres initialized
2024-10-05T03:03:04.920Z - info: Server runing in port 3000
2024-10-05T03:03:50.157Z - info: Postgres initialized
2024-10-05T03:03:50.159Z - info: Postgres initialized
2024-10-05T03:03:50.160Z - info: Server runing in port 3000
2024-10-05T03:04:40.827Z - info: Postgres initialized
2024-10-05T03:04:40.829Z - info: Postgres initialized
2024-10-05T03:04:40.830Z - info: Server runing in port 3000
2024-10-05T03:04:54.329Z - info: Postgres initialized
2024-10-05T03:04:54.331Z - info: Postgres initialized
2024-10-05T03:04:54.332Z - info: Server runing in port 3000
2024-10-05T03:04:57.005Z - info: Postgres initialized
2024-10-05T03:04:57.007Z - info: Postgres initialized
2024-10-05T03:04:57.008Z - info: Server runing in port 3000
